
drivers/soc/sunxi/power/brom/resumes.elf:     file format elf32-littlearm


Disassembly of section .text:

00000000 <resume_head>:
   0:	ea00000a 	b	30 <_start>
   4:	4e4f4765 	cdpmi	7, 4, cr4, cr15, cr5, {3}
   8:	3054422e 	subscc	r4, r4, lr, lsr #4
   c:	5f0a6c39 	svcpl	0x000a6c39
  10:	00000400 	andeq	r0, r0, r0, lsl #8
  14:	00000030 	andeq	r0, r0, r0, lsr r0
  18:	30303131 	eorscc	r3, r0, r1, lsr r1
  1c:	30333231 	eorscc	r3, r3, r1, lsr r2
  20:	30333231 	eorscc	r3, r3, r1, lsr r2
  24:	30303131 	eorscc	r3, r0, r1, lsr r1
	...

00000030 <_start>:
  30:	e59f00d0 	ldr	r0, [pc, #208]	; 108 <cpu_brom_addr+0x8>
  34:	e5901000 	ldr	r1, [r0]
  38:	e3811902 	orr	r1, r1, #32768	; 0x8000
  3c:	e5801000 	str	r1, [r0]
  40:	e5901000 	ldr	r1, [r0]
  44:	e1a02821 	lsr	r2, r1, #16
  48:	e3a03d5a 	mov	r3, #5760	; 0x1680
  4c:	e1520003 	cmp	r2, r3
  50:	0a000004 	beq	68 <config_80>

00000054 <config_50>:
  54:	e59f00b0 	ldr	r0, [pc, #176]	; 10c <cpu_brom_addr+0xc>
  58:	e5901000 	ldr	r1, [r0]
  5c:	e3811b06 	orr	r1, r1, #6144	; 0x1800
  60:	e5801000 	str	r1, [r0]
  64:	ea000003 	b	78 <config_end>

00000068 <config_80>:
  68:	e59f009c 	ldr	r0, [pc, #156]	; 10c <cpu_brom_addr+0xc>
  6c:	e5901000 	ldr	r1, [r0]
  70:	e38110c0 	orr	r1, r1, #192	; 0xc0
  74:	e5801000 	str	r1, [r0]

00000078 <config_end>:
  78:	e3a00b01 	mov	r0, #1024	; 0x400
  7c:	e10f0000 	mrs	r0, CPSR
  80:	e3c0001f 	bic	r0, r0, #31
  84:	e3800013 	orr	r0, r0, #19
  88:	e38000c0 	orr	r0, r0, #192	; 0xc0
  8c:	e3c00c02 	bic	r0, r0, #512	; 0x200
  90:	e121f000 	msr	CPSR_c, r0
  94:	ee110f10 	mrc	15, 0, r0, cr1, cr0, {0}
  98:	e3c00005 	bic	r0, r0, #5
  9c:	e3c00b06 	bic	r0, r0, #6144	; 0x1800
  a0:	e3c00002 	bic	r0, r0, #2
  a4:	ee010f10 	mcr	15, 0, r0, cr1, cr0, {0}
  a8:	f57ff04f 	dsb	sy
  ac:	f57ff06f 	isb	sy
  b0:	f57ff04f 	dsb	sy
  b4:	f57ff06f 	isb	sy
  b8:	e3a02000 	mov	r2, #0
  bc:	e3a03000 	mov	r3, #0
  c0:	e3a04000 	mov	r4, #0
  c4:	e3a05000 	mov	r5, #0
  c8:	e3a06000 	mov	r6, #0
  cc:	e3a07000 	mov	r7, #0
  d0:	e3a08000 	mov	r8, #0
  d4:	e3a09000 	mov	r9, #0
  d8:	e3a0a000 	mov	sl, #0
  dc:	e3a0b000 	mov	fp, #0
  e0:	e3a0c000 	mov	ip, #0
  e4:	f57ff01f 	clrex
  e8:	e3a01b01 	mov	r1, #1024	; 0x400
  ec:	e5910000 	ldr	r0, [r1]
  f0:	f57ff05f 	dmb	sy
  f4:	e1b0f000 	movs	pc, r0
  f8:	eafffffe 	b	f8 <config_end+0x80>
  fc:	00000004 	andeq	r0, r0, r4

00000100 <cpu_brom_addr>:
	...
 108:	01c00024 	biceq	r0, r0, r4, lsr #32
 10c:	01c00044 	biceq	r0, r0, r4, asr #32

Disassembly of section .debug_info:

00000000 <.debug_info>:
   0:	0000012e 	andeq	r0, r0, lr, lsr #2
   4:	00000004 	andeq	r0, r0, r4
   8:	01040000 	mrseq	r0, (UNDEF: 4)
   c:	00000096 	muleq	r0, r6, r0
  10:	0001f40c 	andeq	pc, r1, ip, lsl #8
  14:	00004200 	andeq	r4, r0, r0, lsl #4
  18:	00000000 	andeq	r0, r0, r0
  1c:	06010200 	streq	r0, [r1], -r0, lsl #4
  20:	00000008 	andeq	r0, r0, r8
  24:	0001ef03 	andeq	lr, r1, r3, lsl #30
  28:	2f180100 	svccs	0x00180100
  2c:	02000000 	andeq	r0, r0, #0
  30:	00060801 	andeq	r0, r6, r1, lsl #16
  34:	02020000 	andeq	r0, r2, #0
  38:	00021f05 	andeq	r1, r2, r5, lsl #30
  3c:	07020200 	streq	r0, [r2, -r0, lsl #4]
  40:	0000002f 	andeq	r0, r0, pc, lsr #32
  44:	69050404 	stmdbvs	r5, {r2, sl}
  48:	0300746e 	movweq	r7, #1134	; 0x46e
  4c:	00000000 	andeq	r0, r0, r0
  50:	00561c01 	subseq	r1, r6, r1, lsl #24
  54:	04020000 	streq	r0, [r2], #-0
  58:	00002207 	andeq	r2, r0, r7, lsl #4
  5c:	01dd0500 	bicseq	r0, sp, r0, lsl #10
  60:	01300000 	teqeq	r0, r0
  64:	0000e22e 	andeq	lr, r0, lr, lsr #4
  68:	01b30600 			; <UNDEFINED> instruction: 0x01b30600
  6c:	2f010000 	svccs	0x00010000
  70:	0000004b 	andeq	r0, r0, fp, asr #32
  74:	02530600 	subseq	r0, r3, #0, 12
  78:	30010000 	andcc	r0, r1, r0
  7c:	000000e2 	andeq	r0, r0, r2, ror #1
  80:	02290604 	eoreq	r0, r9, #4, 12	; 0x400000
  84:	31010000 	mrscc	r0, (UNDEF: 1)
  88:	0000004b 	andeq	r0, r0, fp, asr #32
  8c:	0259060c 	subseq	r0, r9, #12, 12	; 0xc00000
  90:	32010000 	andcc	r0, r1, #0
  94:	0000004b 	andeq	r0, r0, fp, asr #32
  98:	00880610 	addeq	r0, r8, r0, lsl r6
  9c:	33010000 	movwcc	r0, #4096	; 0x1000
  a0:	0000004b 	andeq	r0, r0, fp, asr #32
  a4:	02460614 	subeq	r0, r6, #20, 12	; 0x1400000
  a8:	34010000 	strcc	r0, [r1], #-0
  ac:	000000f2 	strdeq	r0, [r0], -r2
  b0:	01cf0618 	biceq	r0, pc, r8, lsl r6	; <UNPREDICTABLE>
  b4:	35010000 	strcc	r0, [r1, #-0]
  b8:	000000f2 	strdeq	r0, [r0], -r2
  bc:	01c4061c 	biceq	r0, r4, ip, lsl r6
  c0:	36010000 	strcc	r0, [r1], -r0
  c4:	000000f2 	strdeq	r0, [r0], -r2
  c8:	00140620 	andseq	r0, r4, r0, lsr #12
  cc:	37010000 	strcc	r0, [r1, -r0]
  d0:	000000f2 	strdeq	r0, [r0], -r2
  d4:	02600624 	rsbeq	r0, r0, #36, 12	; 0x2400000
  d8:	38010000 	stmdacc	r1, {}	; <UNPREDICTABLE>
  dc:	000000e2 	andeq	r0, r0, r2, ror #1
  e0:	24070028 	strcs	r0, [r7], #-40	; 0xffffffd8
  e4:	f2000000 	vhadd.s8	d0, d0, d0
  e8:	08000000 	stmdaeq	r0, {}	; <UNPREDICTABLE>
  ec:	00000056 	andeq	r0, r0, r6, asr r0
  f0:	24070007 	strcs	r0, [r7], #-7
  f4:	02000000 	andeq	r0, r0, #0
  f8:	08000001 	stmdaeq	r0, {r0}
  fc:	00000056 	andeq	r0, r0, r6, asr r0
 100:	33030003 	movwcc	r0, #12291	; 0x3003
 104:	01000002 	tsteq	r0, r2
 108:	00005d39 	andeq	r5, r0, r9, lsr sp
 10c:	01020900 	tsteq	r2, r0, lsl #18
 110:	a70a0000 	strge	r0, [sl, -r0]
 114:	01000001 	tsteq	r0, r1
 118:	00010d3b 	andeq	r0, r1, fp, lsr sp
 11c:	07040200 	streq	r0, [r4, -r0, lsl #4]
 120:	0000001d 	andeq	r0, r0, sp, lsl r0
 124:	0001120b 	andeq	r1, r1, fp, lsl #4
 128:	05260200 	streq	r0, [r6, #-512]!	; 0xfffffe00
 12c:	00000003 	andeq	r0, r0, r3
 130:	00910000 	addseq	r0, r1, r0
 134:	00020000 	andeq	r0, r2, r0
 138:	00000088 	andeq	r0, r0, r8, lsl #1
 13c:	00770104 	rsbseq	r0, r7, r4, lsl #2
 140:	00300000 	eorseq	r0, r0, r0
 144:	01100000 	tsteq	r0, r0
 148:	72640000 	rsbvc	r0, r4, #0
 14c:	72657669 	rsbvc	r7, r5, #110100480	; 0x6900000
 150:	6f732f73 	svcvs	0x00732f73
 154:	75732f63 	ldrbvc	r2, [r3, #-3939]!	; 0xfffff09d
 158:	2f69786e 	svccs	0x0069786e
 15c:	65776f70 	ldrbvs	r6, [r7, #-3952]!	; 0xfffff090
 160:	72622f72 	rsbvc	r2, r2, #456	; 0x1c8
 164:	722f6d6f 	eorvc	r6, pc, #7104	; 0x1bc0
 168:	6d757365 	ldclvs	3, cr7, [r5, #-404]!	; 0xfffffe6c
 16c:	532e7365 			; <UNDEFINED> instruction: 0x532e7365
 170:	6e6d2f00 	cdpvs	15, 6, cr2, cr13, cr0, {0}
 174:	68742f74 	ldmdavs	r4!, {r2, r4, r5, r6, r8, r9, sl, fp, sp}^
 178:	656b6e69 	strbvs	r6, [fp, #-3689]!	; 0xfffff197
 17c:	30303172 	eorscc	r3, r0, r2, ror r1
 180:	72702f30 	rsbsvc	r2, r0, #48, 30	; 0xc0
 184:	6172676f 	cmnvs	r2, pc, ror #14
 188:	6e696d6d 	cdpvs	13, 6, cr6, cr9, cr13, {3}
 18c:	61622f67 	cmnvs	r2, r7, ror #30
 190:	616e616e 	cmnvs	lr, lr, ror #2
 194:	4d5f6950 	vldrmi.16	s13, [pc, #-160]	; fc <config_end+0x84>	; <UNPREDICTABLE>
 198:	655a5f32 	ldrbvs	r5, [sl, #-3890]	; 0xfffff0ce
 19c:	422f6f72 	eormi	r6, pc, #456	; 0x1c8
 1a0:	4d2d4950 			; <UNDEFINED> instruction: 0x4d2d4950
 1a4:	4f422d32 	svcmi	0x00422d32
 1a8:	6c2f544f 	cfstrsvs	mvf5, [pc], #-316	; 74 <config_80+0xc>
 1ac:	78756e69 	ldmdavc	r5!, {r0, r3, r5, r6, r9, sl, fp, sp, lr}^
 1b0:	6e75732d 	cdpvs	3, 7, cr7, cr5, cr13, {1}
 1b4:	47006978 	smlsdxmi	r0, r8, r9, r6
 1b8:	4120554e 			; <UNDEFINED> instruction: 0x4120554e
 1bc:	2e322053 	mrccs	0, 1, r2, cr2, cr3, {2}
 1c0:	322e3832 	eorcc	r3, lr, #3276800	; 0x320000
 1c4:	Address 0x00000000000001c4 is out of bounds.


Disassembly of section .debug_abbrev:

00000000 <.debug_abbrev>:
   0:	25011101 	strcs	r1, [r1, #-257]	; 0xfffffeff
   4:	030b130e 	movweq	r1, #45838	; 0xb30e
   8:	100e1b0e 	andne	r1, lr, lr, lsl #22
   c:	02000017 	andeq	r0, r0, #23
  10:	0b0b0024 	bleq	2c00a8 <__bss_end+0x2bff98>
  14:	0e030b3e 	vmoveq.16	d3[0], r0
  18:	16030000 	strne	r0, [r3], -r0
  1c:	3a0e0300 	bcc	380c24 <__bss_end+0x380b14>
  20:	490b3b0b 	stmdbmi	fp, {r0, r1, r3, r8, r9, fp, ip, sp}
  24:	04000013 	streq	r0, [r0], #-19	; 0xffffffed
  28:	0b0b0024 	bleq	2c00c0 <__bss_end+0x2bffb0>
  2c:	08030b3e 	stmdaeq	r3, {r1, r2, r3, r4, r5, r8, r9, fp}
  30:	13050000 	movwne	r0, #20480	; 0x5000
  34:	0b0e0301 	bleq	380c40 <__bss_end+0x380b30>
  38:	3b0b3a0b 	blcc	2ce86c <__bss_end+0x2ce75c>
  3c:	0013010b 	andseq	r0, r3, fp, lsl #2
  40:	000d0600 	andeq	r0, sp, r0, lsl #12
  44:	0b3a0e03 	bleq	e83858 <__bss_end+0xe83748>
  48:	13490b3b 	movtne	r0, #39739	; 0x9b3b
  4c:	00000b38 	andeq	r0, r0, r8, lsr fp
  50:	49010107 	stmdbmi	r1, {r0, r1, r2, r8}
  54:	00130113 	andseq	r0, r3, r3, lsl r1
  58:	00210800 	eoreq	r0, r1, r0, lsl #16
  5c:	0b2f1349 	bleq	bc4d88 <__bss_end+0xbc4c78>
  60:	26090000 	strcs	r0, [r9], -r0
  64:	00134900 	andseq	r4, r3, r0, lsl #18
  68:	00340a00 	eorseq	r0, r4, r0, lsl #20
  6c:	0b3a0e03 	bleq	e83880 <__bss_end+0xe83770>
  70:	13490b3b 	movtne	r0, #39739	; 0x9b3b
  74:	193c193f 	ldmdbne	ip!, {r0, r1, r2, r3, r4, r5, r8, fp, ip}
  78:	340b0000 	strcc	r0, [fp], #-0
  7c:	3a134700 	bcc	4d1c84 <__bss_end+0x4d1b74>
  80:	020b3b0b 	andeq	r3, fp, #11264	; 0x2c00
  84:	00000018 	andeq	r0, r0, r8, lsl r0
  88:	10001101 	andne	r1, r0, r1, lsl #2
  8c:	12011106 	andne	r1, r1, #-2147483647	; 0x80000001
  90:	1b080301 	blne	200c9c <__bss_end+0x200b8c>
  94:	13082508 	movwne	r2, #34056	; 0x8508
  98:	00000005 	andeq	r0, r0, r5

Disassembly of section .debug_aranges:

00000000 <.debug_aranges>:
   0:	00000014 	andeq	r0, r0, r4, lsl r0
   4:	00000002 	andeq	r0, r0, r2
   8:	00040000 	andeq	r0, r4, r0
	...
  18:	0000001c 	andeq	r0, r0, ip, lsl r0
  1c:	01320002 	teqeq	r2, r2
  20:	00040000 	andeq	r0, r4, r0
  24:	00000000 	andeq	r0, r0, r0
  28:	00000030 	andeq	r0, r0, r0, lsr r0
  2c:	000000e0 	andeq	r0, r0, r0, ror #1
	...

Disassembly of section .debug_line:

00000000 <.debug_line>:
   0:	00000073 	andeq	r0, r0, r3, ror r0
   4:	006d0002 	rsbeq	r0, sp, r2
   8:	01020000 	mrseq	r0, (UNDEF: 2)
   c:	000d0efb 	strdeq	r0, [sp], -fp
  10:	01010101 	tsteq	r1, r1, lsl #2
  14:	01000000 	mrseq	r0, (UNDEF: 0)
  18:	64010000 	strvs	r0, [r1], #-0
  1c:	65766972 	ldrbvs	r6, [r6, #-2418]!	; 0xfffff68e
  20:	732f7372 			; <UNDEFINED> instruction: 0x732f7372
  24:	732f636f 			; <UNDEFINED> instruction: 0x732f636f
  28:	69786e75 	ldmdbvs	r8!, {r0, r2, r4, r5, r6, r9, sl, fp, sp, lr}^
  2c:	776f702f 	strbvc	r7, [pc, -pc, lsr #32]!
  30:	622f7265 	eorvs	r7, pc, #1342177286	; 0x50000006
  34:	2f6d6f72 	svccs	0x006d6f72
  38:	7264002e 	rsbvc	r0, r4, #46	; 0x2e
  3c:	72657669 	rsbvc	r7, r5, #110100480	; 0x6900000
  40:	6f732f73 	svcvs	0x00732f73
  44:	75732f63 	ldrbvc	r2, [r3, #-3939]!	; 0xfffff09d
  48:	2f69786e 	svccs	0x0069786e
  4c:	65776f70 	ldrbvs	r6, [r7, #-3952]!	; 0xfffff090
  50:	72622f72 	rsbvc	r2, r2, #456	; 0x1c8
  54:	00006d6f 	andeq	r6, r0, pc, ror #26
  58:	75736572 	ldrbvc	r6, [r3, #-1394]!	; 0xfffffa8e
  5c:	2e73656d 	cdpcs	5, 7, cr6, cr3, cr13, {3}
  60:	00010068 	andeq	r0, r1, r8, rrx
  64:	73657200 	cmnvc	r5, #0, 4
  68:	5f656d75 	svcpl	0x00656d75
  6c:	64616568 	strbtvs	r6, [r1], #-1384	; 0xfffffa98
  70:	0200632e 	andeq	r6, r0, #-1207959552	; 0xb8000000
  74:	93000000 	movwls	r0, #0
  78:	02000000 	andeq	r0, r0, #0
  7c:	00003d00 	andeq	r3, r0, r0, lsl #26
  80:	fb010200 	blx	4088a <__bss_end+0x4077a>
  84:	01000d0e 	tsteq	r0, lr, lsl #26
  88:	00010101 	andeq	r0, r1, r1, lsl #2
  8c:	00010000 	andeq	r0, r1, r0
  90:	72640100 	rsbvc	r0, r4, #0, 2
  94:	72657669 	rsbvc	r7, r5, #110100480	; 0x6900000
  98:	6f732f73 	svcvs	0x00732f73
  9c:	75732f63 	ldrbvc	r2, [r3, #-3939]!	; 0xfffff09d
  a0:	2f69786e 	svccs	0x0069786e
  a4:	65776f70 	ldrbvs	r6, [r7, #-3952]!	; 0xfffff090
  a8:	72622f72 	rsbvc	r2, r2, #456	; 0x1c8
  ac:	00006d6f 	andeq	r6, r0, pc, ror #26
  b0:	75736572 	ldrbvc	r6, [r3, #-1394]!	; 0xfffffa8e
  b4:	2e73656d 	cdpcs	5, 7, cr6, cr3, cr13, {3}
  b8:	00010053 	andeq	r0, r1, r3, asr r0
  bc:	05000000 	streq	r0, [r0, #-0]
  c0:	00003002 	andeq	r3, r0, r2
  c4:	00fc0300 	rscseq	r0, ip, r0, lsl #6
  c8:	2f302f01 	svccs	0x00302f01
  cc:	2f2f2f30 	svccs	0x002f2f30
  d0:	2f2f322f 	svccs	0x002f322f
  d4:	2f322f2f 	svccs	0x00322f2f
  d8:	03332f2f 	teqeq	r3, #47, 30	; 0xbc
  dc:	2f2e00de 	svccs	0x002e00de
  e0:	2f2f2f2f 	svccs	0x002f2f2f
  e4:	2f2f2f34 	svccs	0x002f2f34
  e8:	032f302f 			; <UNDEFINED> instruction: 0x032f302f
  ec:	032f2e1f 			; <UNDEFINED> instruction: 0x032f2e1f
  f0:	2f2f2e10 	svccs	0x002f2e10
  f4:	2f2f2f2f 	svccs	0x002f2f2f
  f8:	2f2f2f2f 	svccs	0x002f2f2f
  fc:	2f2f3032 	svccs	0x002f3032
 100:	ad03302f 	stcge	0, cr3, [r3, #-188]	; 0xffffff44
 104:	0e03827e 	mcreq	2, 0, r8, cr3, cr14, {3}
 108:	0002022e 	andeq	r0, r2, lr, lsr #4
 10c:	Address 0x000000000000010c is out of bounds.


Disassembly of section .debug_str:

00000000 <.debug_str>:
   0:	33755f5f 	cmncc	r5, #380	; 0x17c
   4:	6e750032 	mrcvs	0, 3, r0, cr5, cr2, {1}
   8:	6e676973 			; <UNDEFINED> instruction: 0x6e676973
   c:	63206465 			; <UNDEFINED> instruction: 0x63206465
  10:	00726168 	rsbseq	r6, r2, r8, ror #2
  14:	4e4f4765 	cdpmi	7, 4, cr4, cr15, cr5, {3}
  18:	6e73765f 	mrcvs	6, 3, r7, cr3, cr15, {2}
  1c:	6e6f6c00 	cdpvs	12, 6, cr6, cr15, cr0, {0}
  20:	6e752067 	cdpvs	0, 7, cr2, cr5, cr7, {3}
  24:	6e676973 			; <UNDEFINED> instruction: 0x6e676973
  28:	69206465 	stmdbvs	r0!, {r0, r2, r5, r6, sl, sp, lr}
  2c:	7300746e 	movwvc	r7, #1134	; 0x46e
  30:	74726f68 	ldrbtvc	r6, [r2], #-3944	; 0xfffff098
  34:	736e7520 	cmnvc	lr, #32, 10	; 0x8000000
  38:	656e6769 	strbvs	r6, [lr, #-1897]!	; 0xfffff897
  3c:	6e692064 	cdpvs	0, 6, cr2, cr9, cr4, {3}
  40:	6d2f0074 	stcvs	0, cr0, [pc, #-464]!	; fffffe78 <__bss_end+0xfffffd68>
  44:	742f746e 	strtvc	r7, [pc], #-1134	; 4c <_start+0x1c>
  48:	6b6e6968 	blvs	1b9a5f0 <__bss_end+0x1b9a4e0>
  4c:	30317265 	eorscc	r7, r1, r5, ror #4
  50:	702f3030 	eorvc	r3, pc, r0, lsr r0	; <UNPREDICTABLE>
  54:	72676f72 	rsbvc	r6, r7, #456	; 0x1c8
  58:	696d6d61 	stmdbvs	sp!, {r0, r5, r6, r8, sl, fp, sp, lr}^
  5c:	622f676e 	eorvs	r6, pc, #28835840	; 0x1b80000
  60:	6e616e61 	cdpvs	14, 6, cr6, cr1, cr1, {3}
  64:	5f695061 	svcpl	0x00695061
  68:	5a5f324d 	bpl	17cc9a4 <__bss_end+0x17cc894>
  6c:	2f6f7265 	svccs	0x006f7265
  70:	2d495042 	stclcs	0, cr5, [r9, #-264]	; 0xfffffef8
  74:	422d324d 	eormi	r3, sp, #-805306364	; 0xd0000004
  78:	2f544f4f 	svccs	0x00544f4f
  7c:	756e696c 	strbvc	r6, [lr, #-2412]!	; 0xfffff694
  80:	75732d78 	ldrbvc	r2, [r3, #-3448]!	; 0xfffff288
  84:	0069786e 	rsbeq	r7, r9, lr, ror #16
  88:	5f627570 	svcpl	0x00627570
  8c:	64616568 	strbtvs	r6, [r1], #-1384	; 0xfffffa98
  90:	7a69735f 	bvc	1a5ce14 <__bss_end+0x1a5cd04>
  94:	4e470065 	cdpmi	0, 4, cr0, cr7, cr5, {3}
  98:	31432055 	qdaddcc	r2, r5, r3
  9c:	2e372031 	mrccs	0, 1, r2, cr7, cr1, {1}
  a0:	20312e33 	eorscs	r2, r1, r3, lsr lr
  a4:	38313032 	ldmdacc	r1!, {r1, r4, r5, ip, sp}
  a8:	35323430 	ldrcc	r3, [r2, #-1072]!	; 0xfffffbd0
  ac:	696c5b20 	stmdbvs	ip!, {r5, r8, r9, fp, ip, lr}^
  b0:	6f72616e 	svcvs	0x0072616e
  b4:	332e372d 			; <UNDEFINED> instruction: 0x332e372d
  b8:	3130322d 	teqcc	r0, sp, lsr #4
  bc:	35302e38 	ldrcc	r2, [r0, #-3640]!	; 0xfffff1c8
  c0:	76657220 	strbtvc	r7, [r5], -r0, lsr #4
  c4:	6f697369 	svcvs	0x00697369
  c8:	3264206e 	rsbcc	r2, r4, #110	; 0x6e
  cc:	30323139 	eorscc	r3, r2, r9, lsr r1
  d0:	34323461 	ldrtcc	r3, [r2], #-1121	; 0xfffffb9f
  d4:	62666365 	rsbvs	r6, r6, #-1811939327	; 0x94000001
  d8:	37363163 	ldrcc	r3, [r6, -r3, ror #2]!
  dc:	30396665 	eorscc	r6, r9, r5, ror #12
  e0:	63353630 	teqvs	r5, #48, 12	; 0x3000000
  e4:	62656530 	rsbvs	r6, r5, #48, 10	; 0xc000000
  e8:	31396637 	teqcc	r9, r7, lsr r6
  ec:	37373739 			; <UNDEFINED> instruction: 0x37373739
  f0:	205d3130 	subscs	r3, sp, r0, lsr r1
  f4:	696c6d2d 	stmdbvs	ip!, {r0, r2, r3, r5, r8, sl, fp, sp, lr}^
  f8:	656c7474 	strbvs	r7, [ip, #-1140]!	; 0xfffffb8c
  fc:	646e652d 	strbtvs	r6, [lr], #-1325	; 0xfffffad3
 100:	206e6169 	rsbcs	r6, lr, r9, ror #2
 104:	72616d2d 	rsbvc	r6, r1, #2880	; 0xb40
 108:	613d6863 	teqvs	sp, r3, ror #16
 10c:	37766d72 			; <UNDEFINED> instruction: 0x37766d72
 110:	2d20612d 	stfcss	f6, [r0, #-180]!	; 0xffffff4c
 114:	6d72616d 	ldfvse	f6, [r2, #-436]!	; 0xfffffe4c
 118:	6c6d2d20 	stclvs	13, cr2, [sp], #-128	; 0xffffff80
 11c:	6c747469 	cfldrdvs	mvd7, [r4], #-420	; 0xfffffe5c
 120:	6e652d65 	cdpvs	13, 6, cr2, cr5, cr5, {3}
 124:	6e616964 	vnmulvs.f16	s13, s2, s9	; <UNPREDICTABLE>
 128:	746d2d20 	strbtvc	r2, [sp], #-3360	; 0xfffff2e0
 12c:	3d656e75 	stclcc	14, cr6, [r5, #-468]!	; 0xfffffe2c
 130:	74726f63 	ldrbtvc	r6, [r2], #-3939	; 0xfffff09d
 134:	612d7865 			; <UNDEFINED> instruction: 0x612d7865
 138:	6d2d2039 	stcvs	0, cr2, [sp, #-228]!	; 0xffffff1c
 13c:	616f6c66 	cmnvs	pc, r6, ror #24
 140:	62612d74 	rsbvs	r2, r1, #116, 26	; 0x1d00
 144:	61683d69 	cmnvs	r8, r9, ror #26
 148:	2d206472 	cfstrscs	mvf6, [r0, #-456]!	; 0xfffffe38
 14c:	7570666d 	ldrbvc	r6, [r0, #-1645]!	; 0xfffff993
 150:	7066763d 	rsbvc	r7, r6, sp, lsr r6
 154:	642d3376 	strtvs	r3, [sp], #-886	; 0xfffffc8a
 158:	2d203631 	stccs	6, cr3, [r0, #-196]!	; 0xffffff3c
 15c:	736c746d 	cmnvc	ip, #1828716544	; 0x6d000000
 160:	6169642d 	cmnvs	r9, sp, lsr #8
 164:	7463656c 	strbtvc	r6, [r3], #-1388	; 0xfffffa94
 168:	756e673d 	strbvc	r6, [lr, #-1853]!	; 0xfffff8c3
 16c:	20672d20 	rsbcs	r2, r7, r0, lsr #26
 170:	20324f2d 	eorscs	r4, r2, sp, lsr #30
 174:	6f6e662d 	svcvs	0x006e662d
 178:	776e752d 	strbvc	r7, [lr, -sp, lsr #10]!
 17c:	2d646e69 	stclcs	14, cr6, [r4, #-420]!	; 0xfffffe5c
 180:	6c626174 	stfvse	f6, [r2], #-464	; 0xfffffe30
 184:	2d207365 	stccs	3, cr7, [r0, #-404]!	; 0xfffffe6c
 188:	2d6f6e66 	stclcs	14, cr6, [pc, #-408]!	; fffffff8 <__bss_end+0xfffffee8>
 18c:	6e797361 	cdpvs	3, 7, cr7, cr9, cr1, {3}
 190:	6f726863 	svcvs	0x00726863
 194:	73756f6e 	cmnvc	r5, #440	; 0x1b8
 198:	776e752d 	strbvc	r7, [lr, -sp, lsr #10]!
 19c:	2d646e69 	stclcs	14, cr6, [r4, #-420]!	; 0xfffffe5c
 1a0:	6c626174 	stfvse	f6, [r2], #-464	; 0xfffffe30
 1a4:	72007365 	andvc	r7, r0, #-1811939327	; 0x94000001
 1a8:	6d757365 	ldclvs	3, cr7, [r5, #-404]!	; 0xfffffe6c
 1ac:	65685f65 	strbvs	r5, [r8, #-3941]!	; 0xfffff09b
 1b0:	6a006461 	bvs	1933c <__bss_end+0x1922c>
 1b4:	5f706d75 	svcpl	0x00706d75
 1b8:	74736e69 	ldrbtvc	r6, [r3], #-3689	; 0xfffff197
 1bc:	74637572 	strbtvc	r7, [r3], #-1394	; 0xfffffa8e
 1c0:	006e6f69 	rsbeq	r6, lr, r9, ror #30
 1c4:	75736552 	ldrbvc	r6, [r3, #-1362]!	; 0xfffffaae
 1c8:	765f656d 	ldrbvc	r6, [pc], -sp, ror #10
 1cc:	66006e73 			; <UNDEFINED> instruction: 0x66006e73
 1d0:	5f656c69 	svcpl	0x00656c69
 1d4:	64616568 	strbtvs	r6, [r1], #-1384	; 0xfffffa98
 1d8:	6e73765f 	mrcvs	6, 3, r7, cr3, cr15, {2}
 1dc:	65525f00 	ldrbvs	r5, [r2, #-3840]	; 0xfffff100
 1e0:	656d7573 	strbvs	r7, [sp, #-1395]!	; 0xfffffa8d
 1e4:	6c69665f 	stclvs	6, cr6, [r9], #-380	; 0xfffffe84
 1e8:	65685f65 	strbvs	r5, [r8, #-3941]!	; 0xfffff09b
 1ec:	5f006461 	svcpl	0x00006461
 1f0:	0038755f 	eorseq	r7, r8, pc, asr r5
 1f4:	76697264 	strbtvc	r7, [r9], -r4, ror #4
 1f8:	2f737265 	svccs	0x00737265
 1fc:	2f636f73 	svccs	0x00636f73
 200:	786e7573 	stmdavc	lr!, {r0, r1, r4, r5, r6, r8, sl, ip, sp, lr}^
 204:	6f702f69 	svcvs	0x00702f69
 208:	2f726577 	svccs	0x00726577
 20c:	6d6f7262 	sfmvs	f7, 2, [pc, #-392]!	; 8c <config_end+0x14>
 210:	7365722f 	cmnvc	r5, #-268435454	; 0xf0000002
 214:	5f656d75 	svcpl	0x00656d75
 218:	64616568 	strbtvs	r6, [r1], #-1384	; 0xfffffa98
 21c:	7300632e 	movwvc	r6, #814	; 0x32e
 220:	74726f68 	ldrbtvc	r6, [r2], #-3944	; 0xfffff098
 224:	746e6920 	strbtvc	r6, [lr], #-2336	; 0xfffff6e0
 228:	65686300 	strbvs	r6, [r8, #-768]!	; 0xfffffd00
 22c:	735f6b63 	cmpvc	pc, #101376	; 0x18c00
 230:	72006d75 	andvc	r6, r0, #7488	; 0x1d40
 234:	6d757365 	ldclvs	3, cr7, [r5, #-404]!	; 0xfffffe6c
 238:	69665f65 	stmdbvs	r6!, {r0, r2, r5, r6, r8, r9, sl, fp, ip, lr}^
 23c:	685f656c 	ldmdavs	pc, {r2, r3, r5, r6, r8, sl, sp, lr}^	; <UNPREDICTABLE>
 240:	5f646165 	svcpl	0x00646165
 244:	75700074 	ldrbvc	r0, [r0, #-116]!	; 0xffffff8c
 248:	65685f62 	strbvs	r5, [r8, #-3938]!	; 0xfffff09e
 24c:	765f6461 	ldrbvc	r6, [pc], -r1, ror #8
 250:	6d006e73 	stcvs	14, cr6, [r0, #-460]	; 0xfffffe34
 254:	63696761 	cmnvs	r9, #25427968	; 0x1840000
 258:	6e656c00 	cdpvs	12, 6, cr6, cr5, cr0, {0}
 25c:	00687467 	rsbeq	r7, r8, r7, ror #8
 260:	74616c70 	strbtvc	r6, [r1], #-3184	; 0xfffff390
 264:	6d726f66 	ldclvs	15, cr6, [r2, #-408]!	; 0xfffffe68
	...

Disassembly of section .comment:

00000000 <.comment>:
   0:	3a434347 	bcc	10d0d24 <__bss_end+0x10d0c14>
   4:	694c2820 	stmdbvs	ip, {r5, fp, sp}^
   8:	6f72616e 	svcvs	0x0072616e
   c:	43434720 	movtmi	r4, #14112	; 0x3720
  10:	332e3720 			; <UNDEFINED> instruction: 0x332e3720
  14:	3130322d 	teqcc	r0, sp, lsr #4
  18:	35302e38 	ldrcc	r2, [r0, #-3640]!	; 0xfffff1c8
  1c:	2e372029 	cdpcs	0, 3, cr2, cr7, cr9, {1}
  20:	20312e33 	eorscs	r2, r1, r3, lsr lr
  24:	38313032 	ldmdacc	r1!, {r1, r4, r5, ip, sp}
  28:	35323430 	ldrcc	r3, [r2, #-1072]!	; 0xfffffbd0
  2c:	696c5b20 	stmdbvs	ip!, {r5, r8, r9, fp, ip, lr}^
  30:	6f72616e 	svcvs	0x0072616e
  34:	332e372d 			; <UNDEFINED> instruction: 0x332e372d
  38:	3130322d 	teqcc	r0, sp, lsr #4
  3c:	35302e38 	ldrcc	r2, [r0, #-3640]!	; 0xfffff1c8
  40:	76657220 	strbtvc	r7, [r5], -r0, lsr #4
  44:	6f697369 	svcvs	0x00697369
  48:	3264206e 	rsbcc	r2, r4, #110	; 0x6e
  4c:	30323139 	eorscc	r3, r2, r9, lsr r1
  50:	34323461 	ldrtcc	r3, [r2], #-1121	; 0xfffffb9f
  54:	62666365 	rsbvs	r6, r6, #-1811939327	; 0x94000001
  58:	37363163 	ldrcc	r3, [r6, -r3, ror #2]!
  5c:	30396665 	eorscc	r6, r9, r5, ror #12
  60:	63353630 	teqvs	r5, #48, 12	; 0x3000000
  64:	62656530 	rsbvs	r6, r5, #48, 10	; 0xc000000
  68:	31396637 	teqcc	r9, r7, lsr r6
  6c:	37373739 			; <UNDEFINED> instruction: 0x37373739
  70:	005d3130 	subseq	r3, sp, r0, lsr r1

Disassembly of section .ARM.attributes:

00000000 <.ARM.attributes>:
   0:	00003041 	andeq	r3, r0, r1, asr #32
   4:	61656100 	cmnvs	r5, r0, lsl #2
   8:	01006962 	tsteq	r0, r2, ror #18
   c:	00000026 	andeq	r0, r0, r6, lsr #32
  10:	412d3705 			; <UNDEFINED> instruction: 0x412d3705
  14:	070a0600 	streq	r0, [sl, -r0, lsl #12]
  18:	09010841 	stmdbeq	r1, {r0, r6, fp}
  1c:	12040a02 	andne	r0, r4, #8192	; 0x2000
  20:	15011404 	strne	r1, [r1, #-1028]	; 0xfffffbfc
  24:	18031701 	stmdane	r3, {r0, r8, r9, sl, ip}
  28:	1c021a01 			; <UNDEFINED> instruction: 0x1c021a01
  2c:	22021e01 	andcs	r1, r2, #1, 28
  30:	Address 0x0000000000000030 is out of bounds.

